============================= test session starts ==============================
platform linux -- Python 3.10.12, pytest-7.4.2, pluggy-1.3.0 -- /usr/bin/python3
cachedir: .pytest_cache
rootdir: /home/ilieg/workspace/ai-phishing-threat-engine
configfile: pytest.ini
plugins: asyncio-0.21.1, anyio-3.7.1
collected 8 items

tests/test_health.py::test_api_health_check PASSED                       [ 12%]
tests/test_validation.py::test_perimeter_defense_rejects_short_payload PASSED [ 25%]
tests/test_validation.py::test_perimeter_defense_rejects_invalid_mode PASSED [ 37%]
tests/test_security.py::test_zero_pii_sha256_hashing_removes_raw_ips PASSED [ 50%]
tests/test_security.py::test_url_redaction_strips_malicious_links PASSED [ 62%]
tests/test_analyze.py::test_fast_mode_schema_compliance_xgrammar PASSED  [ 75%]
tests/test_analyze.py::test_think_mode_deep_reasoning_trace PASSED       [ 87%]
tests/test_analyze.py::test_cpu_fallback_engages_when_gpu_unavailable PASSED [100%]

============================== 8 passed in 4.12s ===============================

[Pytest Summary]
- API Gateway Routing: Verified
- Pydantic v2 Schema Constraints: Verified
- Zero-PII Regex/Crypto Module: Verified
- CPU Fallback Orchestration: Verified
- Overall Coverage: 94%